# JRE version: Java(TM) SE Runtime Environment (8.0-b132) (build 1.8.0-b132)
# Java VM: Java HotSpot(TM) 64-Bit Server VM (25.0-b70 mixed mode bsd-amd64 compressed oops)
Heap:
 par new generation   total 314560K, used 86353K [0x0000000780000000, 0x0000000795550000, 0x0000000795550000)
  eden space 279616K,  21% used [0x0000000780000000, 0x0000000783a44410, 0x0000000791110000)
  from space 34944K,  76% used [0x0000000793330000, 0x0000000794d40228, 0x0000000795550000)
  to   space 34944K,   0% used [0x0000000791110000, 0x0000000791110000, 0x0000000793330000)
 concurrent mark-sweep generation total 699072K, used 177202K [0x0000000795550000, 0x00000007c0000000, 0x00000007c0000000)
 Metaspace       used 116911K, capacity 117515K, committed 117992K, reserved 1146880K
  class space    used 20650K, capacity 20822K, committed 20988K, reserved 1048576K
GC Heap History (10 events):
Event: 276.212 GC heap before
{Heap before GC invocations=6 (full 2):
 par new generation   total 314560K, used 307953K [0x0000000780000000, 0x0000000795550000, 0x0000000795550000)
  eden space 279616K, 100% used [0x0000000780000000, 0x0000000791110000, 0x0000000791110000)
  from space 34944K,  81% used [0x0000000791110000, 0x0000000792cbc690, 0x0000000793330000)
  to   space 34944K,   0% used [0x0000000793330000, 0x0000000793330000, 0x0000000795550000)
 concurrent mark-sweep generation total 699072K, used 60439K [0x0000000795550000, 0x00000007c0000000, 0x00000007c0000000)
 Metaspace       used 78194K, capacity 78758K, committed 79092K, reserved 1114112K
  class space    used 14827K, capacity 15018K, committed 15108K, reserved 1048576K
Event: 276.222 GC heap after
Heap after GC invocations=7 (full 2):
 par new generation   total 314560K, used 27051K [0x0000000780000000, 0x0000000795550000, 0x0000000795550000)
  eden space 279616K,   0% used [0x0000000780000000, 0x0000000780000000, 0x0000000791110000)
  from space 34944K,  77% used [0x0000000793330000, 0x0000000794d9afb0, 0x0000000795550000)
  to   space 34944K,   0% used [0x0000000791110000, 0x0000000791110000, 0x0000000793330000)
 concurrent mark-sweep generation total 699072K, used 60439K [0x0000000795550000, 0x00000007c0000000, 0x00000007c0000000)
 Metaspace       used 78194K, capacity 78758K, committed 79092K, reserved 1114112K
  class space    used 14827K, capacity 15018K, committed 15108K, reserved 1048576K
}
Event: 278.243 GC heap before
{Heap before GC invocations=7 (full 2):
 par new generation   total 314560K, used 306667K [0x0000000780000000, 0x0000000795550000, 0x0000000795550000)
  eden space 279616K, 100% used [0x0000000780000000, 0x0000000791110000, 0x0000000791110000)
  from space 34944K,  77% used [0x0000000793330000, 0x0000000794d9afb0, 0x0000000795550000)
  to   space 34944K,   0% used [0x0000000791110000, 0x0000000791110000, 0x0000000793330000)
 concurrent mark-sweep generation total 699072K, used 60439K [0x0000000795550000, 0x00000007c0000000, 0x00000007c0000000)
 Metaspace       used 91968K, capacity 92523K, committed 92788K, reserved 1124352K
  class space    used 16822K, capacity 17002K, committed 17028K, reserved 1048576K
Event: 278.394 GC heap after
Heap after GC invocations=8 (full 2):
 par new generation   total 314560K, used 34944K [0x0000000780000000, 0x0000000795550000, 0x0000000795550000)
  eden space 279616K,   0% used [0x0000000780000000, 0x0000000780000000, 0x0000000791110000)
  from space 34944K, 100% used [0x0000000791110000, 0x0000000793330000, 0x0000000793330000)
  to   space 34944K,   0% used [0x0000000793330000, 0x0000000793330000, 0x0000000795550000)
 concurrent mark-sweep generation total 699072K, used 138908K [0x0000000795550000, 0x00000007c0000000, 0x00000007c0000000)
 Metaspace       used 91968K, capacity 92523K, committed 92788K, reserved 1124352K
  class space    used 16822K, capacity 17002K, committed 17028K, reserved 1048576K
}
Event: 280.475 GC heap before
{Heap before GC invocations=8 (full 2):
 par new generation   total 314560K, used 314560K [0x0000000780000000, 0x0000000795550000, 0x0000000795550000)
  eden space 279616K, 100% used [0x0000000780000000, 0x0000000791110000, 0x0000000791110000)
  from space 34944K, 100% used [0x0000000791110000, 0x0000000793330000, 0x0000000793330000)
  to   space 34944K,   0% used [0x0000000793330000, 0x0000000793330000, 0x0000000795550000)
 concurrent mark-sweep generation total 699072K, used 138908K [0x0000000795550000, 0x00000007c0000000, 0x00000007c0000000)
 Metaspace       used 99596K, capacity 100145K, committed 100596K, reserved 1132544K
  class space    used 18006K, capacity 18155K, committed 18180K, reserved 1048576K
Event: 280.556 GC heap after
Heap after GC invocations=9 (full 2):
 par new generation   total 314560K, used 34944K [0x0000000780000000, 0x0000000795550000, 0x0000000795550000)
  eden space 279616K,   0% used [0x0000000780000000, 0x0000000780000000, 0x0000000791110000)
  from space 34944K, 100% used [0x0000000793330000, 0x0000000795550000, 0x0000000795550000)
  to   space 34944K,   0% used [0x0000000791110000, 0x0000000791110000, 0x0000000793330000)
 concurrent mark-sweep generation total 699072K, used 178246K [0x0000000795550000, 0x00000007c0000000, 0x00000007c0000000)
 Metaspace       used 99596K, capacity 100145K, committed 100596K, reserved 1132544K
  class space    used 18006K, capacity 18155K, committed 18180K, reserved 1048576K
}
Event: 289.263 GC heap before
{Heap before GC invocations=9 (full 3):
 par new generation   total 314560K, used 314560K [0x0000000780000000, 0x0000000795550000, 0x0000000795550000)
  eden space 279616K, 100% used [0x0000000780000000, 0x0000000791110000, 0x0000000791110000)
  from space 34944K, 100% used [0x0000000793330000, 0x0000000795550000, 0x0000000795550000)
  to   space 34944K,   0% used [0x0000000791110000, 0x0000000791110000, 0x0000000793330000)
 concurrent mark-sweep generation total 699072K, used 178246K [0x0000000795550000, 0x00000007c0000000, 0x00000007c0000000)
 Metaspace       used 114352K, capacity 115057K, committed 115464K, reserved 1144832K
  class space    used 20302K, capacity 20494K, committed 20580K, reserved 1048576K
Event: 289.327 GC heap after
Heap after GC invocations=10 (full 3):
 par new generation   total 314560K, used 34944K [0x0000000780000000, 0x0000000795550000, 0x0000000795550000)
  eden space 279616K,   0% used [0x0000000780000000, 0x0000000780000000, 0x0000000791110000)
  from space 34944K, 100% used [0x0000000791110000, 0x0000000793330000, 0x0000000793330000)
  to   space 34944K,   0% used [0x0000000793330000, 0x0000000793330000, 0x0000000795550000)
 concurrent mark-sweep generation total 699072K, used 208972K [0x0000000795550000, 0x00000007c0000000, 0x00000007c0000000)
 Metaspace       used 114352K, capacity 115057K, committed 115464K, reserved 1144832K
  class space    used 20302K, capacity 20494K, committed 20580K, reserved 1048576K
}
Event: 2163.669 GC heap before
{Heap before GC invocations=10 (full 3):
 par new generation   total 314560K, used 314560K [0x0000000780000000, 0x0000000795550000, 0x0000000795550000)
  eden space 279616K, 100% used [0x0000000780000000, 0x0000000791110000, 0x0000000791110000)
  from space 34944K, 100% used [0x0000000791110000, 0x0000000793330000, 0x0000000793330000)
  to   space 34944K,   0% used [0x0000000793330000, 0x0000000793330000, 0x0000000795550000)
 concurrent mark-sweep generation total 699072K, used 177202K [0x0000000795550000, 0x00000007c0000000, 0x00000007c0000000)
 Metaspace       used 116900K, capacity 117515K, committed 117992K, reserved 1146880K
  class space    used 20650K, capacity 20822K, committed 20988K, reserved 1048576K
Event: 2163.765 GC heap after
Heap after GC invocations=11 (full 3):
 par new generation   total 314560K, used 26688K [0x0000000780000000, 0x0000000795550000, 0x0000000795550000)
  eden space 279616K,   0% used [0x0000000780000000, 0x0000000780000000, 0x0000000791110000)
  from space 34944K,  76% used [0x0000000793330000, 0x0000000794d40228, 0x0000000795550000)
  to   space 34944K,   0% used [0x0000000791110000, 0x0000000791110000, 0x0000000793330000)
 concurrent mark-sweep generation total 699072K, used 177202K [0x0000000795550000, 0x00000007c0000000, 0x00000007c0000000)
 Metaspace       used 116900K, capacity 117515K, committed 117992K, reserved 1146880K
  class space    used 20650K, capacity 20822K, committed 20988K, reserved 1048576K
}

